{
  "timestamp" : "2021-12-21 15:06:06.129",
  "level" : "INFO",
  "thread" : "main",
  "logger" : "com.example.BackendExample.BackendExampleApplication",
  "message" : "Starting BackendExampleApplication using Java 11.0.11 on GSG1PM-GI0521 with PID 12489 (/home/akash/IdeaProjects/BackendExample/target/classes started by akash in /home/akash/IdeaProjects/BackendExample)",
  "context" : "default"
}{
  "timestamp" : "2021-12-21 15:06:06.146",
  "level" : "INFO",
  "thread" : "main",
  "logger" : "com.example.BackendExample.BackendExampleApplication",
  "message" : "No active profile set, falling back to default profiles: default",
  "context" : "default"
}{
  "timestamp" : "2021-12-21 15:06:06.959",
  "level" : "INFO",
  "thread" : "main",
  "logger" : "org.springframework.data.repository.config.RepositoryConfigurationDelegate",
  "message" : "Bootstrapping Spring Data JPA repositories in DEFAULT mode.",
  "context" : "default"
}{
  "timestamp" : "2021-12-21 15:06:07.026",
  "level" : "INFO",
  "thread" : "main",
  "logger" : "org.springframework.data.repository.config.RepositoryConfigurationDelegate",
  "message" : "Finished Spring Data repository scanning in 53 ms. Found 1 JPA repository interfaces.",
  "context" : "default"
}{
  "timestamp" : "2021-12-21 15:06:07.529",
  "level" : "INFO",
  "thread" : "main",
  "logger" : "org.springframework.boot.web.embedded.tomcat.TomcatWebServer",
  "message" : "Tomcat initialized with port(s): 8080 (http)",
  "context" : "default"
}{
  "timestamp" : "2021-12-21 15:06:07.538",
  "level" : "INFO",
  "thread" : "main",
  "logger" : "org.apache.coyote.http11.Http11NioProtocol",
  "message" : "Initializing ProtocolHandler [\"http-nio-8080\"]",
  "context" : "default"
}{
  "timestamp" : "2021-12-21 15:06:07.539",
  "level" : "INFO",
  "thread" : "main",
  "logger" : "org.apache.catalina.core.StandardService",
  "message" : "Starting service [Tomcat]",
  "context" : "default"
}{
  "timestamp" : "2021-12-21 15:06:07.540",
  "level" : "INFO",
  "thread" : "main",
  "logger" : "org.apache.catalina.core.StandardEngine",
  "message" : "Starting Servlet engine: [Apache Tomcat/9.0.55]",
  "context" : "default"
}{
  "timestamp" : "2021-12-21 15:06:07.638",
  "level" : "INFO",
  "thread" : "main",
  "logger" : "org.apache.catalina.core.ContainerBase.[Tomcat].[localhost].[/]",
  "message" : "Initializing Spring embedded WebApplicationContext",
  "context" : "default"
}{
  "timestamp" : "2021-12-21 15:06:07.639",
  "level" : "INFO",
  "thread" : "main",
  "logger" : "org.springframework.boot.web.servlet.context.ServletWebServerApplicationContext",
  "message" : "Root WebApplicationContext: initialization completed in 1428 ms",
  "context" : "default"
}{
  "timestamp" : "2021-12-21 15:06:07.816",
  "level" : "INFO",
  "thread" : "main",
  "logger" : "org.hibernate.jpa.internal.util.LogHelper",
  "message" : "HHH000204: Processing PersistenceUnitInfo [name: default]",
  "context" : "default"
}{
  "timestamp" : "2021-12-21 15:06:07.853",
  "level" : "INFO",
  "thread" : "main",
  "logger" : "org.hibernate.Version",
  "message" : "HHH000412: Hibernate ORM core version 5.6.1.Final",
  "context" : "default"
}{
  "timestamp" : "2021-12-21 15:06:07.979",
  "level" : "INFO",
  "thread" : "main",
  "logger" : "org.hibernate.annotations.common.Version",
  "message" : "HCANN000001: Hibernate Commons Annotations {5.1.2.Final}",
  "context" : "default"
}{
  "timestamp" : "2021-12-21 15:06:08.047",
  "level" : "INFO",
  "thread" : "main",
  "logger" : "com.zaxxer.hikari.HikariDataSource",
  "message" : "HikariPool-1 - Starting...",
  "context" : "default"
}{
  "timestamp" : "2021-12-21 15:06:08.183",
  "level" : "INFO",
  "thread" : "main",
  "logger" : "com.zaxxer.hikari.HikariDataSource",
  "message" : "HikariPool-1 - Start completed.",
  "context" : "default"
}{
  "timestamp" : "2021-12-21 15:06:08.197",
  "level" : "INFO",
  "thread" : "main",
  "logger" : "org.hibernate.dialect.Dialect",
  "message" : "HHH000400: Using dialect: org.hibernate.dialect.MySQL57InnoDBDialect",
  "context" : "default"
}{
  "timestamp" : "2021-12-21 15:06:08.621",
  "level" : "INFO",
  "thread" : "main",
  "logger" : "org.hibernate.engine.transaction.jta.platform.internal.JtaPlatformInitiator",
  "message" : "HHH000490: Using JtaPlatform implementation: [org.hibernate.engine.transaction.jta.platform.internal.NoJtaPlatform]",
  "context" : "default"
}{
  "timestamp" : "2021-12-21 15:06:08.627",
  "level" : "INFO",
  "thread" : "main",
  "logger" : "org.springframework.orm.jpa.LocalContainerEntityManagerFactoryBean",
  "message" : "Initialized JPA EntityManagerFactory for persistence unit 'default'",
  "context" : "default"
}{
  "timestamp" : "2021-12-21 15:06:09.148",
  "level" : "WARN",
  "thread" : "main",
  "logger" : "org.springframework.boot.autoconfigure.orm.jpa.JpaBaseConfiguration$JpaWebConfiguration",
  "message" : "spring.jpa.open-in-view is enabled by default. Therefore, database queries may be performed during view rendering. Explicitly configure spring.jpa.open-in-view to disable this warning",
  "context" : "default"
}{
  "timestamp" : "2021-12-21 15:06:09.523",
  "level" : "INFO",
  "thread" : "main",
  "logger" : "org.apache.coyote.http11.Http11NioProtocol",
  "message" : "Starting ProtocolHandler [\"http-nio-8080\"]",
  "context" : "default"
}{
  "timestamp" : "2021-12-21 15:06:09.536",
  "level" : "INFO",
  "thread" : "main",
  "logger" : "org.springframework.boot.web.embedded.tomcat.TomcatWebServer",
  "message" : "Tomcat started on port(s): 8080 (http) with context path ''",
  "context" : "default"
}{
  "timestamp" : "2021-12-21 15:06:09.819",
  "level" : "INFO",
  "thread" : "main",
  "logger" : "com.example.BackendExample.BackendExampleApplication",
  "message" : "Started BackendExampleApplication in 4.133 seconds (JVM running for 4.706)",
  "context" : "default"
}{
  "timestamp" : "2021-12-21 15:06:36.066",
  "level" : "INFO",
  "thread" : "http-nio-8080-exec-1",
  "logger" : "org.apache.catalina.core.ContainerBase.[Tomcat].[localhost].[/]",
  "message" : "Initializing Spring DispatcherServlet 'dispatcherServlet'",
  "context" : "default"
}{
  "timestamp" : "2021-12-21 15:06:36.067",
  "level" : "INFO",
  "thread" : "http-nio-8080-exec-1",
  "logger" : "org.springframework.web.servlet.DispatcherServlet",
  "message" : "Initializing Servlet 'dispatcherServlet'",
  "context" : "default"
}{
  "timestamp" : "2021-12-21 15:06:36.069",
  "level" : "INFO",
  "thread" : "http-nio-8080-exec-1",
  "logger" : "org.springframework.web.servlet.DispatcherServlet",
  "message" : "Completed initialization in 2 ms",
  "context" : "default"
}{
  "timestamp" : "2021-12-21 15:06:36.103",
  "level" : "INFO",
  "thread" : "http-nio-8080-exec-1",
  "logger" : "com.example.BackendExample.controller.EmployeeController",
  "message" : "Listing all employees",
  "context" : "default"
}{
  "timestamp" : "2021-12-21 15:06:37.347",
  "level" : "INFO",
  "thread" : "http-nio-8080-exec-2",
  "logger" : "com.example.BackendExample.controller.EmployeeController",
  "message" : "Listing all employees",
  "context" : "default"
}{
  "timestamp" : "2021-12-21 15:06:41.505",
  "level" : "INFO",
  "thread" : "http-nio-8080-exec-3",
  "logger" : "com.example.BackendExample.controller.EmployeeController",
  "message" : "Listing employee by id :10",
  "context" : "default"
}{
  "timestamp" : "2021-12-21 15:06:41.525",
  "level" : "INFO",
  "thread" : "http-nio-8080-exec-3",
  "logger" : "com.example.BackendExample.controller.EmployeeController",
  "message" : "Cannot retrieve Employee details as Employee data not found with id : 10 ",
  "context" : "default"
}{
  "timestamp" : "2021-12-21 15:36:57.355",
  "level" : "INFO",
  "thread" : "SpringApplicationShutdownHook",
  "logger" : "org.springframework.orm.jpa.LocalContainerEntityManagerFactoryBean",
  "message" : "Closing JPA EntityManagerFactory for persistence unit 'default'",
  "context" : "default"
}{
  "timestamp" : "2021-12-21 15:36:57.358",
  "level" : "INFO",
  "thread" : "SpringApplicationShutdownHook",
  "logger" : "com.zaxxer.hikari.HikariDataSource",
  "message" : "HikariPool-1 - Shutdown initiated...",
  "context" : "default"
}{
  "timestamp" : "2021-12-21 15:36:57.365",
  "level" : "INFO",
  "thread" : "SpringApplicationShutdownHook",
  "logger" : "com.zaxxer.hikari.HikariDataSource",
  "message" : "HikariPool-1 - Shutdown completed.",
  "context" : "default"
}